2022-09-29 10:38:02,131  INFO [main] LoggerHelper:32 - ***CREATE STUDENT***Base URL is set with Rest Assured class***
2022-09-29 10:38:02,318  INFO [main] LoggerHelper:44 - ***Request header is passed with json content type****
2022-09-29 10:38:02,318  INFO [main] LoggerHelper:49 - ***Random id is created and used ***977327
2022-09-29 10:38:02,318  INFO [main] LoggerHelper:56 - ***New Student data are ***Firstname zozoLastname lastAsian3 A
2022-09-29 10:38:03,007  INFO [main] LoggerHelper:71 - **Student record is created and the response is ***New student enrolled with student id : 977327
2022-09-29 10:38:03,010  INFO [main] LoggerHelper:77 - ****Response body of student record is ***New student enrolled with student id : 977327
2022-09-29 10:38:03,011  INFO [main] LoggerHelper:87 - ***Response code of Create student received as***200
2022-09-29 10:38:03,012  INFO [main] LoggerHelper:30 - ***DELETE STUDENT Record***Base URL is set with Rest Assured class***
2022-09-29 10:38:03,012  INFO [main] LoggerHelper:38 - ***Request header is passed with json content type****
2022-09-29 10:38:03,036  INFO [main] LoggerHelper:52 - **Response of Create student received as***New student enrolled with student id : 7
2022-09-29 10:38:03,036  INFO [main] LoggerHelper:57 - ***Status displayed as***HTTP/1.1 200 
2022-09-29 10:38:03,036  INFO [main] LoggerHelper:62 - ***response converted to string as***New student enrolled with student id : 7
2022-09-29 10:38:03,083  INFO [main] LoggerHelper:82 - ***Response of fetch student API based on ID value***[
    {
        "id": 7,
        "firstName": "Elavarasi77",
        "lastName": "K",
        "studentClass": "3 A",
        "nationality": "Asian"
    }
]
2022-09-29 10:38:03,083  INFO [main] LoggerHelper:90 - ***Data of GET API before deletion***[
    {
        "id": 7,
        "firstName": "Elavarasi77",
        "lastName": "K",
        "studentClass": "3 A",
        "nationality": "Asian"
    }
]
2022-09-29 10:38:03,099  INFO [main] LoggerHelper:98 - ***Delete request called and the record is deleted***
2022-09-29 10:38:03,099  INFO [main] LoggerHelper:107 - ***Delete API status code is***200
2022-09-29 10:38:03,114  INFO [main] LoggerHelper:31 - ***FETCH STUDENT****Base URL is set with Rest Assured class***
2022-09-29 10:38:03,114  INFO [main] LoggerHelper:46 - ***ID goin to use to retrieve data***2
2022-09-29 10:38:03,114  INFO [main] LoggerHelper:47 - ***Student class going to use to retrieve data***3 A
2022-09-29 10:38:03,135  INFO [main] LoggerHelper:58 - ***Response of fetch student API based on ID value***[
    {
        "id": 2,
        "firstName": "TestFname1",
        "lastName": "TestLname2",
        "studentClass": "Second",
        "nationality": "Asian"
    }
]
2022-09-29 10:38:03,166  INFO [main] LoggerHelper:72 - ***Data from the GET API using student class***[
    {
        "id": 14,
        "firstName": "Elavarasi14",
        "lastName": "K",
        "studentClass": "3 A",
        "nationality": "Asian"
    },
    {
        "id": 100,
        "firstName": "Elavarasi100",
        "lastName": "K",
        "studentClass": "3 A",
        "nationality": "Asian"
    },
    {
        "id": 109996,
        "firstName": "zozo",
        "lastName": "last",
        "studentClass": "3 A",
        "nationality": "Asian"
    },
    {
        "id": 110269,
        "firstName": "zozo",
        "lastName": "last",
        "studentClass": "3 A",
        "nationality": "Asian"
    },
    {
        "id": 122795,
        "firstName": "zozo",
        "lastName": "last",
        "studentClass": "3 A",
        "nationality": "Asian"
    },
    {
        "id": 146318,
        "firstName": "zozo",
        "lastName": "last",
        "studentClass": "3 A",
        "nationality": "Asian"
    },
    {
        "id": 148653,
        "firstName": "zozo",
        "lastName": "last",
        "studentClass": "3 A",
        "nationality": "Asian"
    },
    {
        "id": 168072,
        "firstName": "zozo",
        "lastName": "last",
        "studentClass": "3 A",
        "nationality": "Asian"
    },
    {
        "id": 172405,
        "firstName": "zozo",
        "lastName": "last",
        "studentClass": "3 A",
        "nationality": "Asian"
    },
    {
        "id": 179671,
        "firstName": "zozo",
        "lastName": "last",
        "studentClass": "3 A",
        "nationality": "Asian"
    },
    {
        "id": 187690,
        "firstName": "zozo",
        "lastName": "last",
        "studentClass": "3 A",
        "nationality": "Asian"
    },
    {
        "id": 196322,
        "firstName": "zozo",
        "lastName": "last",
        "studentClass": "3 A",
        "nationality": "Asian"
    },
    {
        "id": 216204,
        "firstName": "zozo",
        "lastName": "last",
        "studentClass": "3 A",
        "nationality": "Asian"
    },
    {
        "id": 234459,
        "firstName": "zozo",
        "lastName": "last",
        "studentClass": "3 A",
        "nationality": "Asian"
    },
    {
        "id": 238200,
        "firstName": "zozo",
        "lastName": "last",
        "studentClass": "3 A",
        "nationality": "Asian"
    },
    {
        "id": 279595,
        "firstName": "zozo",
        "lastName": "last",
        "studentClass": "3 A",
        "nationality": "Asian"
    },
    {
        "id": 285607,
        "firstName": "zozo",
        "lastName": "last",
        "studentClass": "3 A",
        "nationality": "Asian"
    },
    {
        "id": 292695,
        "firstName": "zozo",
        "lastName": "last",
        "studentClass": "3 A",
        "nationality": "Asian"
    },
    {
        "id": 295940,
        "firstName": "zozo",
        "lastName": "last",
        "studentClass": "3 A",
        "nationality": "Asian"
    },
    {
        "id": 299931,
        "firstName": "zozo",
        "lastName": "last",
        "studentClass": "3 A",
        "nationality": "Asian"
    },
    {
        "id": 308355,
        "firstName": "zozo",
        "lastName": "last",
        "studentClass": "3 A",
        "nationality": "Asian"
    },
    {
        "id": 315755,
        "firstName": "zozo",
        "lastName": "last",
        "studentClass": "3 A",
        "nationality": "Asian"
    },
    {
        "id": 321082,
        "firstName": "zozo",
        "lastName": "last",
        "studentClass": "3 A",
        "nationality": "Asian"
    },
    {
        "id": 322448,
        "firstName": "zozo",
        "lastName": "last",
        "studentClass": "3 A",
        "nationality": "Asian"
    },
    {
        "id": 331261,
        "firstName": "zozo",
        "lastName": "last",
        "studentClass": "3 A",
        "nationality": "Asian"
    },
    {
        "id": 336465,
        "firstName": "zozo",
        "lastName": "last",
        "studentClass": "3 A",
        "nationality": "Asian"
    },
    {
        "id": 343354,
        "firstName": "zozo",
        "lastName": "last",
        "studentClass": "3 A",
        "nationality": "Asian"
    },
    {
        "id": 346943,
        "firstName": "zozo",
        "lastName": "last",
        "studentClass": "3 A",
        "nationality": "Asian"
    },
    {
        "id": 352533,
        "firstName": "zozo",
        "lastName": "last",
        "studentClass": "3 A",
        "nationality": "Asian"
    },
    {
        "id": 376743,
        "firstName": "zozo",
        "lastName": "last",
        "studentClass": "3 A",
        "nationality": "Asian"
    },
    {
        "id": 384211,
        "firstName": "zozo",
        "lastName": "last",
        "studentClass": "3 A",
        "nationality": "Asian"
    },
    {
        "id": 388551,
        "firstName": "zozo",
        "lastName": "last",
        "studentClass": "3 A",
        "nationality": "Asian"
    },
    {
        "id": 423374,
        "firstName": "zozo",
        "lastName": "last",
        "studentClass": "3 A",
        "nationality": "Asian"
    },
    {
        "id": 428475,
        "firstName": "zozo",
        "lastName": "last",
        "studentClass": "3 A",
        "nationality": "Asian"
    },
    {
        "id": 436278,
        "firstName": "zozo",
        "lastName": "last",
        "studentClass": "3 A",
        "nationality": "Asian"
    },
    {
        "id": 436651,
        "firstName": "zozo",
        "lastName": "last",
        "studentClass": "3 A",
        "nationality": "Asian"
    },
    {
        "id": 439925,
        "firstName": "zozo",
        "lastName": "last",
        "studentClass": "3 A",
        "nationality": "Asian"
    },
    {
        "id": 440242,
        "firstName": "zozo",
        "lastName": "last",
        "studentClass": "3 A",
        "nationality": "Asian"
    },
    {
        "id": 458378,
        "firstName": "zozo",
        "lastName": "last",
        "studentClass": "3 A",
        "nationality": "Asian"
    },
    {
        "id": 458861,
        "firstName": "zozo",
        "lastName": "last",
        "studentClass": "3 A",
        "nationality": "Asian"
    },
    {
        "id": 459745,
        "firstName": "zozo",
        "lastName": "last",
        "studentClass": "3 A",
        "nationality": "Asian"
    },
    {
        "id": 462593,
        "firstName": "zozo",
        "lastName": "last",
        "studentClass": "3 A",
        "nationality": "Asian"
    },
    {
        "id": 487307,
        "firstName": "zozo",
        "lastName": "last",
        "studentClass": "3 A",
        "nationality": "Asian"
    },
    {
        "id": 487761,
        "firstName": "zozo",
        "lastName": "last",
        "studentClass": "3 A",
        "nationality": "Asian"
    },
    {
        "id": 489746,
        "firstName": "zozo",
        "lastName": "last",
        "studentClass": "3 A",
        "nationality": "Asian"
    },
    {
        "id": 497223,
        "firstName": "zozo",
        "lastName": "last",
        "studentClass": "3 A",
        "nationality": "Asian"
    },
    {
        "id": 516885,
        "firstName": "zozo",
        "lastName": "last",
        "studentClass": "3 A",
        "nationality": "Asian"
    },
    {
        "id": 519032,
        "firstName": "zozo",
        "lastName": "last",
        "studentClass": "3 A",
        "nationality": "Asian"
    },
    {
        "id": 533433,
        "firstName": "zozo",
        "lastName": "last",
        "studentClass": "3 A",
        "nationality": "Asian"
    },
    {
        "id": 553656,
        "firstName": "zozo",
        "lastName": "last",
        "studentClass": "3 A",
        "nationality": "Asian"
    },
    {
        "id": 554490,
        "firstName": "zozo",
        "lastName": "last",
        "studentClass": "3 A",
        "nationality": "Asian"
    },
    {
        "id": 561768,
        "firstName": "zozo",
        "lastName": "last",
        "studentClass": "3 A",
        "nationality": "Asian"
    },
    {
        "id": 582397,
        "firstName": "zozo",
        "lastName": "last",
        "studentClass": "3 A",
        "nationality": "Asian"
    },
    {
        "id": 586175,
        "firstName": "zozo",
        "lastName": "last",
        "studentClass": "3 A",
        "nationality": "Asian"
    },
    {
        "id": 592430,
        "firstName": "zozo",
        "lastName": "last",
        "studentClass": "3 A",
        "nationality": "Asian"
    },
    {
        "id": 608682,
        "firstName": "zozo",
        "lastName": "last",
        "studentClass": "3 A",
        "nationality": "Asian"
    },
    {
        "id": 626794,
        "firstName": "zozo",
        "lastName": "last",
        "studentClass": "3 A",
        "nationality": "Asian"
    },
    {
        "id": 633949,
        "firstName": "zozo",
        "lastName": "last",
        "studentClass": "3 A",
        "nationality": "Asian"
    },
    {
        "id": 636638,
        "firstName": "zozo",
        "lastName": "last",
        "studentClass": "3 A",
        "nationality": "Asian"
    },
    {
        "id": 640361,
        "firstName": "zozo",
        "lastName": "last",
        "studentClass": "3 A",
        "nationality": "Asian"
    },
    {
        "id": 649759,
        "firstName": "zozo",
        "lastName": "last",
        "studentClass": "3 A",
        "nationality": "Asian"
    },
    {
        "id": 666143,
        "firstName": "zozo",
        "lastName": "last",
        "studentClass": "3 A",
        "nationality": "Asian"
    },
    {
        "id": 671130,
        "firstName": "zozo",
        "lastName": "last",
        "studentClass": "3 A",
        "nationality": "Asian"
    },
    {
        "id": 672511,
        "firstName": "zozo",
        "lastName": "last",
        "studentClass": "3 A",
        "nationality": "Asian"
    },
    {
        "id": 672951,
        "firstName": "zozo",
        "lastName": "last",
        "studentClass": "3 A",
        "nationality": "Asian"
    },
    {
        "id": 678946,
        "firstName": "zozo",
        "lastName": "last",
        "studentClass": "3 A",
        "nationality": "Asian"
    },
    {
        "id": 681766,
        "firstName": "zozo",
        "lastName": "last",
        "studentClass": "3 A",
        "nationality": "Asian"
    },
    {
        "id": 689018,
        "firstName": "zozo",
        "lastName": "last",
        "studentClass": "3 A",
        "nationality": "Asian"
    },
    {
        "id": 692980,
        "firstName": "zozo",
        "lastName": "last",
        "studentClass": "3 A",
        "nationality": "Asian"
    },
    {
        "id": 698058,
        "firstName": "zozo",
        "lastName": "last",
        "studentClass": "3 A",
        "nationality": "Asian"
    },
    {
        "id": 723127,
        "firstName": "zozo",
        "lastName": "last",
        "studentClass": "3 A",
        "nationality": "Asian"
    },
    {
        "id": 736425,
        "firstName": "zozo",
        "lastName": "last",
        "studentClass": "3 A",
        "nationality": "Asian"
    },
    {
        "id": 742384,
        "firstName": "zozo",
        "lastName": "last",
        "studentClass": "3 A",
        "nationality": "Asian"
    },
    {
        "id": 754179,
        "firstName": "zozo",
        "lastName": "last",
        "studentClass": "3 A",
        "nationality": "Asian"
    },
    {
        "id": 765021,
        "firstName": "zozo",
        "lastName": "last",
        "studentClass": "3 A",
        "nationality": "Asian"
    },
    {
        "id": 766931,
        "firstName": "zozo",
        "lastName": "last",
        "studentClass": "3 A",
        "nationality": "Asian"
    },
    {
        "id": 782029,
        "firstName": "zozo",
        "lastName": "last",
        "studentClass": "3 A",
        "nationality": "Asian"
    },
    {
        "id": 788151,
        "firstName": "zozo",
        "lastName": "last",
        "studentClass": "3 A",
        "nationality": "Asian"
    },
    {
        "id": 801194,
        "firstName": "zozo",
        "lastName": "last",
        "studentClass": "3 A",
        "nationality": "Asian"
    },
    {
        "id": 808978,
        "firstName": "zozo",
        "lastName": "last",
        "studentClass": "3 A",
        "nationality": "Asian"
    },
    {
        "id": 816756,
        "firstName": "zozo",
        "lastName": "last",
        "studentClass": "3 A",
        "nationality": "Asian"
    },
    {
        "id": 822590,
        "firstName": "zozo",
        "lastName": "last",
        "studentClass": "3 A",
        "nationality": "Asian"
    },
    {
        "id": 842947,
        "firstName": "zozo",
        "lastName": "last",
        "studentClass": "3 A",
        "nationality": "Asian"
    },
    {
        "id": 863019,
        "firstName": "zozo",
        "lastName": "last",
        "studentClass": "3 A",
        "nationality": "Asian"
    },
    {
        "id": 867187,
        "firstName": "zozo",
        "lastName": "last",
        "studentClass": "3 A",
        "nationality": "Asian"
    },
    {
        "id": 871525,
        "firstName": "zozo",
        "lastName": "last",
        "studentClass": "3 A",
        "nationality": "Asian"
    },
    {
        "id": 891278,
        "firstName": "zozo",
        "lastName": "last",
        "studentClass": "3 A",
        "nationality": "Asian"
    },
    {
        "id": 903527,
        "firstName": "zozo",
        "lastName": "last",
        "studentClass": "3 A",
        "nationality": "Asian"
    },
    {
        "id": 910319,
        "firstName": "zozo",
        "lastName": "last",
        "studentClass": "3 A",
        "nationality": "Asian"
    },
    {
        "id": 911472,
        "firstName": "zozo",
        "lastName": "last",
        "studentClass": "3 A",
        "nationality": "Asian"
    },
    {
        "id": 933042,
        "firstName": "zozo",
        "lastName": "last",
        "studentClass": "3 A",
        "nationality": "Asian"
    },
    {
        "id": 939532,
        "firstName": "zozo",
        "lastName": "last",
        "studentClass": "3 A",
        "nationality": "Asian"
    },
    {
        "id": 952671,
        "firstName": "zozo",
        "lastName": "last",
        "studentClass": "3 A",
        "nationality": "Asian"
    },
    {
        "id": 957623,
        "firstName": "zozo",
        "lastName": "last",
        "studentClass": "3 A",
        "nationality": "Asian"
    },
    {
        "id": 967283,
        "firstName": "zozo",
        "lastName": "last",
        "studentClass": "3 A",
        "nationality": "Asian"
    },
    {
        "id": 977327,
        "firstName": "zozo",
        "lastName": "last",
        "studentClass": "3 A",
        "nationality": "Asian"
    },
    {
        "id": 979777,
        "firstName": "zozo",
        "lastName": "last",
        "studentClass": "3 A",
        "nationality": "Asian"
    },
    {
        "id": 997952,
        "firstName": "zozo",
        "lastName": "last",
        "studentClass": "3 A",
        "nationality": "Asian"
    }
]
2022-09-29 10:38:03,182  INFO [main] LoggerHelper:80 - ***Status Code received for ID  ***200
2022-09-29 10:38:03,182  INFO [main] LoggerHelper:85 - ***Status Code received based on Student Class   ***200
2022-09-29 10:38:03,182  INFO [main] LoggerHelper:31 - ***UPDATE STUDENT****Base URL is set with Rest Assured class***
2022-09-29 10:38:03,182  INFO [main] LoggerHelper:39 - ***Request header is passed with json content type****
2022-09-29 10:38:03,182  INFO [main] LoggerHelper:40 - ***Create new record***
2022-09-29 10:38:03,182  INFO [main] LoggerHelper:47 - ***Random id is generated as***572037
2022-09-29 10:38:03,182  INFO [main] LoggerHelper:49 - ***studentClass going to update is *** 3rdsection-1776153357
2022-09-29 10:38:03,202  INFO [main] LoggerHelper:63 - **Response before updating the student class  ***New student enrolled with student id : 572037
2022-09-29 10:38:03,202  INFO [main] LoggerHelper:67 - ***Status dispalyed as***HTTP/1.1 200 
2022-09-29 10:38:03,202  INFO [main] LoggerHelper:76 - **Existing ID and new Student class going to use in update api is***{
  "id": 572037,
  "studentClass": "3 D class"
}
2022-09-29 10:38:03,217  INFO [main] LoggerHelper:82 - ***Update API is called and the new value is updated as{
    "id": 572037,
    "firstName": "Elavarasi14",
    "lastName": "K",
    "studentClass": "3 D class",
    "nationality": "Asian"
}
2022-09-29 10:38:03,217  INFO [main] LoggerHelper:89 - ***Status Code received Update  ***200
2022-09-29 10:38:03,311 DEBUG [main] InternalLoggerFactory:89 - Using Log4J as the default logging framework
2022-09-29 10:38:03,327 DEBUG [main] ResourceLeakDetector:129 - -Dio.netty.leakDetection.level: simple
2022-09-29 10:38:03,327 DEBUG [main] ResourceLeakDetector:130 - -Dio.netty.leakDetection.targetRecords: 4
2022-09-29 10:38:03,327 DEBUG [main] ResourceLeakDetectorFactory:196 - Loaded default ResourceLeakDetector: io.netty.util.ResourceLeakDetector@f1266c6
2022-09-29 10:38:03,342 DEBUG [main] PlatformDependent0:495 - -Dio.netty.noUnsafe: false
2022-09-29 10:38:03,342 DEBUG [main] PlatformDependent0:998 - Java version: 18
2022-09-29 10:38:03,342 DEBUG [main] PlatformDependent0:136 - sun.misc.Unsafe.theUnsafe: available
2022-09-29 10:38:03,342 DEBUG [main] PlatformDependent0:160 - sun.misc.Unsafe.copyMemory: available
2022-09-29 10:38:03,342 DEBUG [main] PlatformDependent0:192 - sun.misc.Unsafe.storeFence: available
2022-09-29 10:38:03,342 DEBUG [main] PlatformDependent0:235 - java.nio.Buffer.address: available
2022-09-29 10:38:03,342 DEBUG [main] PlatformDependent0:319 - direct buffer constructor: unavailable: Reflective setAccessible(true) disabled
2022-09-29 10:38:03,342 DEBUG [main] PlatformDependent0:384 - java.nio.Bits.unaligned: available, true
2022-09-29 10:38:03,342 DEBUG [main] PlatformDependent0:451 - jdk.internal.misc.Unsafe.allocateUninitializedArray(int): unavailable: class io.netty.util.internal.PlatformDependent0$7 cannot access class jdk.internal.misc.Unsafe (in module java.base) because module java.base does not export jdk.internal.misc to unnamed module @45c8e616
2022-09-29 10:38:03,358 DEBUG [main] PlatformDependent0:481 - java.nio.DirectByteBuffer.<init>(long, int): unavailable
2022-09-29 10:38:03,358 DEBUG [main] PlatformDependent:1120 - sun.misc.Unsafe: available
2022-09-29 10:38:03,358 DEBUG [main] PlatformDependent:1231 - maxDirectMemory: 4253024256 bytes (maybe)
2022-09-29 10:38:03,358 DEBUG [main] PlatformDependent:1250 - -Dio.netty.tmpdir: C:\Users\eladh\AppData\Local\Temp (java.io.tmpdir)
2022-09-29 10:38:03,358 DEBUG [main] PlatformDependent:1329 - -Dio.netty.bitMode: 64 (sun.arch.data.model)
2022-09-29 10:38:03,358 DEBUG [main] PlatformDependent:1080 - Platform: Windows
2022-09-29 10:38:03,358 DEBUG [main] PlatformDependent:178 - -Dio.netty.maxDirectMemory: -1 bytes
2022-09-29 10:38:03,358 DEBUG [main] PlatformDependent:185 - -Dio.netty.uninitializedArrayAllocationThreshold: -1
2022-09-29 10:38:03,373 DEBUG [main] CleanerJava9:71 - java.nio.ByteBuffer.cleaner(): available
2022-09-29 10:38:03,373 DEBUG [main] PlatformDependent:205 - -Dio.netty.noPreferDirect: false
2022-09-29 10:38:03,373 DEBUG [main] PlatformDependent:971 - org.jctools-core.MpscChunkedArrayQueue: available
2022-09-29 10:38:03,389 DEBUG [main] InternalThreadLocalMap:86 - -Dio.netty.threadLocalMap.stringBuilder.initialSize: 1024
2022-09-29 10:38:03,389 DEBUG [main] InternalThreadLocalMap:89 - -Dio.netty.threadLocalMap.stringBuilder.maxSize: 4096
2022-09-29 10:38:03,420 DEBUG [main] JdkSslContext:83 - Default protocols (JDK): [TLSv1.3, TLSv1.2] 
2022-09-29 10:38:03,420 DEBUG [main] JdkSslContext:84 - Default cipher suites (JDK): [TLS_ECDHE_ECDSA_WITH_AES_256_GCM_SHA384, TLS_ECDHE_ECDSA_WITH_AES_128_GCM_SHA256, TLS_ECDHE_RSA_WITH_AES_128_GCM_SHA256, TLS_ECDHE_RSA_WITH_AES_256_GCM_SHA384, TLS_ECDHE_RSA_WITH_AES_128_CBC_SHA, TLS_ECDHE_RSA_WITH_AES_256_CBC_SHA, TLS_RSA_WITH_AES_128_GCM_SHA256, TLS_RSA_WITH_AES_128_CBC_SHA, TLS_RSA_WITH_AES_256_CBC_SHA, TLS_AES_128_GCM_SHA256, TLS_AES_256_GCM_SHA384]
2022-09-29 10:38:03,452 DEBUG [main] MultithreadEventLoopGroup:44 - -Dio.netty.eventLoopThreads: 16
2022-09-29 10:38:03,452 DEBUG [main] NioEventLoop:109 - -Dio.netty.noKeySetOptimization: false
2022-09-29 10:38:03,452 DEBUG [main] NioEventLoop:110 - -Dio.netty.selectorAutoRebuildThreshold: 512
2022-09-29 10:38:03,533 DEBUG [main] PooledByteBufAllocator:157 - -Dio.netty.allocator.numHeapArenas: 16
2022-09-29 10:38:03,533 DEBUG [main] PooledByteBufAllocator:158 - -Dio.netty.allocator.numDirectArenas: 16
2022-09-29 10:38:03,533 DEBUG [main] PooledByteBufAllocator:160 - -Dio.netty.allocator.pageSize: 8192
2022-09-29 10:38:03,533 DEBUG [main] PooledByteBufAllocator:165 - -Dio.netty.allocator.maxOrder: 9
2022-09-29 10:38:03,533 DEBUG [main] PooledByteBufAllocator:169 - -Dio.netty.allocator.chunkSize: 4194304
2022-09-29 10:38:03,533 DEBUG [main] PooledByteBufAllocator:170 - -Dio.netty.allocator.smallCacheSize: 256
2022-09-29 10:38:03,533 DEBUG [main] PooledByteBufAllocator:171 - -Dio.netty.allocator.normalCacheSize: 64
2022-09-29 10:38:03,533 DEBUG [main] PooledByteBufAllocator:172 - -Dio.netty.allocator.maxCachedBufferCapacity: 32768
2022-09-29 10:38:03,533 DEBUG [main] PooledByteBufAllocator:173 - -Dio.netty.allocator.cacheTrimInterval: 8192
2022-09-29 10:38:03,533 DEBUG [main] PooledByteBufAllocator:174 - -Dio.netty.allocator.cacheTrimIntervalMillis: 0
2022-09-29 10:38:03,533 DEBUG [main] PooledByteBufAllocator:175 - -Dio.netty.allocator.useCacheForAllThreads: false
2022-09-29 10:38:03,533 DEBUG [main] PooledByteBufAllocator:176 - -Dio.netty.allocator.maxCachedByteBuffersPerChunk: 1023
2022-09-29 10:38:03,548 DEBUG [main] ByteBufUtil:87 - -Dio.netty.allocator.type: pooled
2022-09-29 10:38:03,548 DEBUG [main] ByteBufUtil:96 - -Dio.netty.threadLocalDirectBufferSize: 0
2022-09-29 10:38:03,548 DEBUG [main] ByteBufUtil:99 - -Dio.netty.maxThreadLocalCharBufferSize: 16384
2022-09-29 10:38:03,810 DEBUG [Forwarding newSession on session null to remote] DefaultChannelId:79 - -Dio.netty.processId: 39824 (auto-detected)
2022-09-29 10:38:03,810 DEBUG [Forwarding newSession on session null to remote] NetUtil:136 - -Djava.net.preferIPv4Stack: false
2022-09-29 10:38:03,810 DEBUG [Forwarding newSession on session null to remote] NetUtil:137 - -Djava.net.preferIPv6Addresses: false
2022-09-29 10:38:03,825 DEBUG [Forwarding newSession on session null to remote] NetUtilInitializations:129 - Loopback interface: lo (Software Loopback Interface 1, 127.0.0.1)
2022-09-29 10:38:03,825 DEBUG [Forwarding newSession on session null to remote] NetUtil:191 - Failed to get SOMAXCONN from sysctl and file \proc\sys\net\core\somaxconn. Default: 200
2022-09-29 10:38:03,857 DEBUG [Forwarding newSession on session null to remote] DefaultChannelId:101 - -Dio.netty.machineId: c0:b6:f9:ff:fe:f5:01:77 (auto-detected)
2022-09-29 10:38:03,888 DEBUG [AsyncHttpClient-1-2] AbstractByteBuf:63 - -Dio.netty.buffer.checkAccessible: true
2022-09-29 10:38:03,888 DEBUG [AsyncHttpClient-1-2] AbstractByteBuf:64 - -Dio.netty.buffer.checkBounds: true
2022-09-29 10:38:03,888 DEBUG [AsyncHttpClient-1-2] ResourceLeakDetectorFactory:196 - Loaded default ResourceLeakDetector: io.netty.util.ResourceLeakDetector@7a03ea2f
2022-09-29 10:38:03,919 DEBUG [AsyncHttpClient-1-2] Recycler:85 - -Dio.netty.recycler.maxCapacityPerThread: 4096
2022-09-29 10:38:03,919 DEBUG [AsyncHttpClient-1-2] Recycler:86 - -Dio.netty.recycler.ratio: 8
2022-09-29 10:38:03,919 DEBUG [AsyncHttpClient-1-2] Recycler:87 - -Dio.netty.recycler.chunkSize: 32
2022-09-29 10:38:03,919 DEBUG [AsyncHttpClient-1-2] Recycler:88 - -Dio.netty.recycler.blocking: false
2022-09-29 10:38:04,487 DEBUG [AsyncHttpClient-1-2] Brotli:38 - brotli4j not in the classpath; Brotli support will be unavailable.
2022-09-29 10:38:04,562 DEBUG [main] ThreadLocalRandom:214 - -Dio.netty.initialSeedUniquifier: 0xf4de520baf3e240f
2022-09-29 10:38:05,547  INFO [main] LoggerHelper:51 - *******driver is intialized and the browser is opened*****
2022-09-29 10:38:05,878  INFO [main] LoggerHelper:60 - ****************Authentication link is clicked**********
2022-09-29 10:38:05,888  INFO [main] LoggerHelper:68 - ***Title of the page displayed as******The Internet
2022-09-29 10:38:06,003  INFO [main] LoggerHelper:155 - ****the web browser  is closed*****
2022-09-29 10:38:07,637  INFO [main] LoggerHelper:51 - *******driver is intialized and the browser is opened*****
2022-09-29 10:38:07,942  INFO [main] LoggerHelper:60 - ****************Authentication link is clicked**********
2022-09-29 10:38:07,952  INFO [main] LoggerHelper:68 - ***Title of the page displayed as******The Internet
2022-09-29 10:38:08,907  INFO [main] LoggerHelper:88 - ****************Login button is clicked**********
2022-09-29 10:38:08,937  INFO [main] LoggerHelper:97 - ****Welcome message received as***Welcome to the Secure Area. When you are done click logout below.
2022-09-29 10:38:09,087  INFO [main] LoggerHelper:155 - ****the web browser  is closed*****
2022-09-29 10:38:10,786  INFO [main] LoggerHelper:51 - *******driver is intialized and the browser is opened*****
2022-09-29 10:38:11,103  INFO [main] LoggerHelper:60 - ****************Authentication link is clicked**********
2022-09-29 10:38:11,109  INFO [main] LoggerHelper:68 - ***Title of the page displayed as******The Internet
2022-09-29 10:38:11,266  INFO [main] LoggerHelper:127 - ****Invalid input passed to the login page ******
2022-09-29 10:38:11,530  INFO [main] LoggerHelper:130 - ***Login button is clicked*****
2022-09-29 10:38:11,558  INFO [main] LoggerHelper:149 - *****Error message validated as*****Your username is invalid!
×
2022-09-29 10:38:11,694  INFO [main] LoggerHelper:155 - ****the web browser  is closed*****
2022-09-29 10:38:13,537  INFO [main] LoggerHelper:51 - *******driver is intialized and the browser is opened*****
2022-09-29 10:38:13,842  INFO [main] LoggerHelper:60 - ****************Authentication link is clicked**********
2022-09-29 10:38:13,849  INFO [main] LoggerHelper:68 - ***Title of the page displayed as******The Internet
2022-09-29 10:38:14,005  INFO [main] LoggerHelper:127 - ****Invalid input passed to the login page ******
2022-09-29 10:38:14,314  INFO [main] LoggerHelper:130 - ***Login button is clicked*****
2022-09-29 10:38:14,343  INFO [main] LoggerHelper:149 - *****Error message validated as*****Your password is invalid!
×
2022-09-29 10:38:14,448  INFO [main] LoggerHelper:155 - ****the web browser  is closed*****
